<?xml version="1.0" encoding="UTF-8"?>
<testsuite xmlns:xsi="http://www.w3.org/2001/XMLSchema-instance" xsi:noNamespaceSchemaLocation="https://maven.apache.org/surefire/maven-surefire-plugin/xsd/surefire-test-report-3.0.xsd" version="3.0" name="runner.TestRunner" time="0.43" tests="1" errors="1" skipped="0" failures="0">
  <properties>
[...]
</properties>
  <testcase name="" classname="runner.TestRunner" time="0.43">
    <error type="io.cucumber.core.exception.CompositeCucumberException"><![CDATA[io.cucumber.core.exception.CompositeCucumberException: There were 2 exceptions. The details are in the stacktrace below.
]]></error>
    <system-out><![CDATA[      io.cucumber.core.exception.CompositeCucumberException: There were 2 exceptions. The details are in the stacktrace below.
	at io.cucumber.core.runtime.RethrowingThrowableCollector.getThrowable(RethrowingThrowableCollector.java:57)
	at io.cucumber.core.runtime.CucumberExecutionContext.getThrowable(CucumberExecutionContext.java:109)
	at io.cucumber.core.runtime.CucumberExecutionContext.finishTestRun(CucumberExecutionContext.java:104)
	at io.cucumber.core.runtime.CucumberExecutionContext.runFeatures(CucumberExecutionContext.java:153)
	at io.cucumber.junit.Cucumber$StartAndFinishTestRun.evaluate(Cucumber.java:226)
	at org.junit.runners.ParentRunner$3.evaluate(ParentRunner.java:306)
	at org.junit.runners.ParentRunner.run(ParentRunner.java:413)
	at org.junit.runner.JUnitCore.run(JUnitCore.java:137)
	at org.junit.runner.JUnitCore.run(JUnitCore.java:115)
	at org.junit.vintage.engine.execution.RunnerExecutor.execute(RunnerExecutor.java:42)
	at org.junit.vintage.engine.VintageTestEngine.executeAllChildren(VintageTestEngine.java:80)
	at org.junit.vintage.engine.VintageTestEngine.execute(VintageTestEngine.java:72)
	at org.junit.platform.launcher.core.EngineExecutionOrchestrator.execute(EngineExecutionOrchestrator.java:198)
	at org.junit.platform.launcher.core.EngineExecutionOrchestrator.execute(EngineExecutionOrchestrator.java:169)
	at org.junit.platform.launcher.core.EngineExecutionOrchestrator.execute(EngineExecutionOrchestrator.java:93)
	at org.junit.platform.launcher.core.EngineExecutionOrchestrator.lambda$execute$0(EngineExecutionOrchestrator.java:58)
	at org.junit.platform.launcher.core.EngineExecutionOrchestrator.withInterceptedStreams(EngineExecutionOrchestrator.java:141)
	at org.junit.platform.launcher.core.EngineExecutionOrchestrator.execute(EngineExecutionOrchestrator.java:57)
	at org.junit.platform.launcher.core.DefaultLauncher.execute(DefaultLauncher.java:103)
	at org.junit.platform.launcher.core.DefaultLauncher.execute(DefaultLauncher.java:85)
	at org.junit.platform.launcher.core.DelegatingLauncher.execute(DelegatingLauncher.java:47)
	at org.junit.platform.launcher.core.SessionPerRequestLauncher.execute(SessionPerRequestLauncher.java:63)
	at org.apache.maven.surefire.junitplatform.JUnitPlatformProvider.execute(JUnitPlatformProvider.java:188)
	at org.apache.maven.surefire.junitplatform.JUnitPlatformProvider.invokeAllTests(JUnitPlatformProvider.java:154)
	at org.apache.maven.surefire.junitplatform.JUnitPlatformProvider.invoke(JUnitPlatformProvider.java:128)
	at org.apache.maven.surefire.booter.ForkedBooter.runSuitesInProcess(ForkedBooter.java:428)
	at org.apache.maven.surefire.booter.ForkedBooter.execute(ForkedBooter.java:162)
	at org.apache.maven.surefire.booter.ForkedBooter.run(ForkedBooter.java:562)
	at org.apache.maven.surefire.booter.ForkedBooter.main(ForkedBooter.java:548)
	Suppressed: io.cucumber.java.InvalidMethodSignatureException: A method annotated with BeforeAll or AfterAll must have one of these signatures:
 * public static void before_or_after_all()
at stepDefinitions.Hooks.closure()


		at io.cucumber.java.InvalidMethodSignatureException$InvalidMethodSignatureExceptionBuilder.build(InvalidMethodSignatureException.java:52)
		at io.cucumber.java.JavaStaticHookDefinition.createInvalidSignatureException(JavaStaticHookDefinition.java:44)
		at io.cucumber.java.JavaStaticHookDefinition.requireValidMethod(JavaStaticHookDefinition.java:28)
		at io.cucumber.java.JavaStaticHookDefinition.<init>(JavaStaticHookDefinition.java:17)
		at io.cucumber.java.GlueAdaptor.addDefinition(GlueAdaptor.java:37)
		at io.cucumber.java.JavaBackend.lambda$loadGlue$1(JavaBackend.java:43)
		at io.cucumber.java.MethodScanner.scan(MethodScanner.java:78)
		at io.cucumber.java.MethodScanner.scan(MethodScanner.java:69)
		at io.cucumber.java.MethodScanner.scan(MethodScanner.java:33)
		at io.cucumber.java.JavaBackend.lambda$loadGlue$2(JavaBackend.java:41)
		at java.base/java.util.stream.ForEachOps$ForEachOp$OfRef.accept(ForEachOps.java:184)
		at java.base/java.util.stream.DistinctOps$1$2.accept(DistinctOps.java:174)
		at java.base/java.util.ArrayList$ArrayListSpliterator.forEachRemaining(ArrayList.java:1708)
		at java.base/java.util.stream.ReferencePipeline$Head.forEach(ReferencePipeline.java:762)
		at java.base/java.util.stream.ReferencePipeline$7$1.accept(ReferencePipeline.java:276)
		at java.base/java.util.stream.ReferencePipeline$3$1.accept(ReferencePipeline.java:197)
		at java.base/java.util.stream.ReferencePipeline$3$1.accept(ReferencePipeline.java:197)
		at java.base/java.util.stream.ReferencePipeline$2$1.accept(ReferencePipeline.java:179)
		at java.base/java.util.ArrayList$ArrayListSpliterator.forEachRemaining(ArrayList.java:1708)
		at java.base/java.util.stream.AbstractPipeline.copyInto(AbstractPipeline.java:509)
		at java.base/java.util.stream.AbstractPipeline.wrapAndCopyInto(AbstractPipeline.java:499)
		at java.base/java.util.stream.ForEachOps$ForEachOp.evaluateSequential(ForEachOps.java:151)
		at java.base/java.util.stream.ForEachOps$ForEachOp$OfRef.evaluateSequential(ForEachOps.java:174)
		at java.base/java.util.stream.AbstractPipeline.evaluate(AbstractPipeline.java:234)
		at java.base/java.util.stream.ReferencePipeline.forEach(ReferencePipeline.java:596)
		at io.cucumber.java.JavaBackend.loadGlue(JavaBackend.java:41)
		at io.cucumber.core.runner.Runner.<init>(Runner.java:56)
		at io.cucumber.core.runtime.ThreadLocalRunnerSupplier.createRunner(ThreadLocalRunnerSupplier.java:47)
		at java.base/java.lang.ThreadLocal$SuppliedThreadLocal.initialValue(ThreadLocal.java:357)
		at java.base/java.lang.ThreadLocal.setInitialValue(ThreadLocal.java:225)
		at java.base/java.lang.ThreadLocal.get(ThreadLocal.java:194)
		at java.base/java.lang.ThreadLocal.get(ThreadLocal.java:172)
		at io.cucumber.core.runtime.ThreadLocalRunnerSupplier.get(ThreadLocalRunnerSupplier.java:40)
		at io.cucumber.core.runtime.RethrowingThrowableCollector.executeAndThrow(RethrowingThrowableCollector.java:35)
		at io.cucumber.core.runtime.CucumberExecutionContext.getRunner(CucumberExecutionContext.java:141)
		at io.cucumber.core.runtime.CucumberExecutionContext.runBeforeAllHooks(CucumberExecutionContext.java:93)
		at io.cucumber.core.runtime.CucumberExecutionContext.lambda$runFeatures$6(CucumberExecutionContext.java:147)
		at io.cucumber.core.runtime.CucumberExecutionContext.execute(CucumberExecutionContext.java:163)
		at io.cucumber.core.runtime.CucumberExecutionContext.runFeatures(CucumberExecutionContext.java:146)
		... 25 more
	Suppressed: io.cucumber.java.InvalidMethodSignatureException: A method annotated with BeforeAll or AfterAll must have one of these signatures:
 * public static void before_or_after_all()
at stepDefinitions.Hooks.closure()


		at io.cucumber.java.InvalidMethodSignatureException$InvalidMethodSignatureExceptionBuilder.build(InvalidMethodSignatureException.java:52)
		at io.cucumber.java.JavaStaticHookDefinition.createInvalidSignatureException(JavaStaticHookDefinition.java:44)
		at io.cucumber.java.JavaStaticHookDefinition.requireValidMethod(JavaStaticHookDefinition.java:28)
		at io.cucumber.java.JavaStaticHookDefinition.<init>(JavaStaticHookDefinition.java:17)
		at io.cucumber.java.GlueAdaptor.addDefinition(GlueAdaptor.java:37)
		at io.cucumber.java.JavaBackend.lambda$loadGlue$1(JavaBackend.java:43)
		at io.cucumber.java.MethodScanner.scan(MethodScanner.java:78)
		at io.cucumber.java.MethodScanner.scan(MethodScanner.java:69)
		at io.cucumber.java.MethodScanner.scan(MethodScanner.java:33)
		at io.cucumber.java.JavaBackend.lambda$loadGlue$2(JavaBackend.java:41)
		at java.base/java.util.stream.ForEachOps$ForEachOp$OfRef.accept(ForEachOps.java:184)
		at java.base/java.util.stream.DistinctOps$1$2.accept(DistinctOps.java:174)
		at java.base/java.util.ArrayList$ArrayListSpliterator.forEachRemaining(ArrayList.java:1708)
		at java.base/java.util.stream.ReferencePipeline$Head.forEach(ReferencePipeline.java:762)
		at java.base/java.util.stream.ReferencePipeline$7$1.accept(ReferencePipeline.java:276)
		at java.base/java.util.stream.ReferencePipeline$3$1.accept(ReferencePipeline.java:197)
		at java.base/java.util.stream.ReferencePipeline$3$1.accept(ReferencePipeline.java:197)
		at java.base/java.util.stream.ReferencePipeline$2$1.accept(ReferencePipeline.java:179)
		at java.base/java.util.ArrayList$ArrayListSpliterator.forEachRemaining(ArrayList.java:1708)
		at java.base/java.util.stream.AbstractPipeline.copyInto(AbstractPipeline.java:509)
		at java.base/java.util.stream.AbstractPipeline.wrapAndCopyInto(AbstractPipeline.java:499)
		at java.base/java.util.stream.ForEachOps$ForEachOp.evaluateSequential(ForEachOps.java:151)
		at java.base/java.util.stream.ForEachOps$ForEachOp$OfRef.evaluateSequential(ForEachOps.java:174)
		at java.base/java.util.stream.AbstractPipeline.evaluate(AbstractPipeline.java:234)
		at java.base/java.util.stream.ReferencePipeline.forEach(ReferencePipeline.java:596)
		at io.cucumber.java.JavaBackend.loadGlue(JavaBackend.java:41)
		at io.cucumber.core.runner.Runner.<init>(Runner.java:56)
		at io.cucumber.core.runtime.ThreadLocalRunnerSupplier.createRunner(ThreadLocalRunnerSupplier.java:47)
		at java.base/java.lang.ThreadLocal$SuppliedThreadLocal.initialValue(ThreadLocal.java:357)
		at java.base/java.lang.ThreadLocal.setInitialValue(ThreadLocal.java:225)
		at java.base/java.lang.ThreadLocal.get(ThreadLocal.java:194)
		at java.base/java.lang.ThreadLocal.get(ThreadLocal.java:172)
		at io.cucumber.core.runtime.ThreadLocalRunnerSupplier.get(ThreadLocalRunnerSupplier.java:40)
		at io.cucumber.core.runtime.RethrowingThrowableCollector.executeAndThrow(RethrowingThrowableCollector.java:35)
		at io.cucumber.core.runtime.CucumberExecutionContext.getRunner(CucumberExecutionContext.java:141)
		at io.cucumber.core.runtime.CucumberExecutionContext.runAfterAllHooks(CucumberExecutionContext.java:98)
		at io.cucumber.core.runtime.CucumberExecutionContext.execute(CucumberExecutionContext.java:163)
		at io.cucumber.core.runtime.CucumberExecutionContext.runFeatures(CucumberExecutionContext.java:151)
		... 25 more

]]></system-out>
  </testcase>
</testsuite>